<?xml version="1.0" encoding="UTF-8"?>
<coverage generated="1703492377269" clover="3.2.0">
  <project timestamp="1703492377269" name="All files">
    <metrics statements="40" coveredstatements="39" conditionals="11" coveredconditionals="10" methods="8" coveredmethods="8" elements="59" coveredelements="57" complexity="0" loc="40" ncloc="40" packages="1" files="2" classes="2"/>
    <file name="acceptable-password.ts" path="/Users/kodookie/workspace/kata/tdd-type-script-answer/src/kata-tdd/acceptable-password.ts">
      <metrics statements="36" coveredstatements="35" conditionals="11" coveredconditionals="10" methods="6" coveredmethods="6"/>
      <line num="1" count="1" type="stmt"/>
      <line num="2" count="1" type="stmt"/>
      <line num="3" count="11" type="stmt"/>
      <line num="4" count="11" type="cond" truecount="2" falsecount="0"/>
      <line num="5" count="5" type="cond" truecount="1" falsecount="0"/>
      <line num="6" count="2" type="stmt"/>
      <line num="8" count="3" type="stmt"/>
      <line num="10" count="6" type="cond" truecount="2" falsecount="0"/>
      <line num="11" count="4" type="stmt"/>
      <line num="12" count="4" type="stmt"/>
      <line num="13" count="4" type="stmt"/>
      <line num="14" count="4" type="cond" truecount="4" falsecount="0"/>
      <line num="16" count="1" type="stmt"/>
      <line num="18" count="3" type="stmt"/>
      <line num="21" count="2" type="stmt"/>
      <line num="26" count="1" type="stmt"/>
      <line num="27" count="4" type="stmt"/>
      <line num="30" count="1" type="stmt"/>
      <line num="31" count="4" type="stmt"/>
      <line num="33" count="11" type="stmt"/>
      <line num="34" count="11" type="stmt"/>
      <line num="35" count="11" type="cond" truecount="0" falsecount="1"/>
      <line num="36" count="0" type="stmt"/>
      <line num="38" count="11" type="stmt"/>
      <line num="41" count="4" type="stmt"/>
      <line num="44" count="1" type="stmt"/>
      <line num="45" count="4" type="stmt"/>
      <line num="46" count="4" type="stmt"/>
      <line num="47" count="4" type="stmt"/>
      <line num="50" count="1" type="stmt"/>
      <line num="51" count="5" type="stmt"/>
      <line num="52" count="10" type="stmt"/>
      <line num="53" count="10" type="cond" truecount="1" falsecount="0"/>
      <line num="54" count="2" type="stmt"/>
      <line num="57" count="5" type="stmt"/>
      <line num="59" count="1" type="stmt"/>
    </file>
    <file name="rectangle-perimeter.ts" path="/Users/kodookie/workspace/kata/tdd-type-script-answer/src/kata-tdd/rectangle-perimeter.ts">
      <metrics statements="4" coveredstatements="4" conditionals="0" coveredconditionals="0" methods="2" coveredmethods="2"/>
      <line num="1" count="1" type="stmt"/>
      <line num="2" count="1" type="stmt"/>
      <line num="3" count="2" type="stmt"/>
      <line num="5" count="1" type="stmt"/>
    </file>
  </project>
</coverage>
