{"/Users/kodookie/workspace/kata/tdd-type-script/src/kata-tdd/acceptable-password.ts": {"path":"/Users/kodookie/workspace/kata/tdd-type-script/src/kata-tdd/acceptable-password.ts","statementMap":{"0":{"start":{"line":1,"column":0},"end":{"line":1,"column":13}},"1":{"start":{"line":2,"column":4},"end":{"line":13,"column":null}},"2":{"start":{"line":3,"column":22},"end":{"line":3,"column":52}},"3":{"start":{"line":4,"column":8},"end":{"line":12,"column":9}},"4":{"start":{"line":5,"column":12},"end":{"line":9,"column":13}},"5":{"start":{"line":6,"column":16},"end":{"line":6,"column":29}},"6":{"start":{"line":8,"column":16},"end":{"line":8,"column":43}},"7":{"start":{"line":11,"column":12},"end":{"line":11,"column":25}},"8":{"start":{"line":14,"column":0},"end":{"line":14,"column":null}},"9":{"start":{"line":1,"column":13},"end":{"line":1,"column":31}}},"fnMap":{"0":{"name":"(anonymous_0)","decl":{"start":{"line":1,"column":0},"end":{"line":1,"column":13}},"loc":{"start":{"line":1,"column":0},"end":{"line":14,"column":null}}},"1":{"name":"(anonymous_2)","decl":{"start":{"line":2,"column":4},"end":{"line":2,"column":20}},"loc":{"start":{"line":2,"column":37},"end":{"line":13,"column":5}}}},"branchMap":{"0":{"loc":{"start":{"line":4,"column":8},"end":{"line":12,"column":9}},"type":"if","locations":[{"start":{"line":4,"column":8},"end":{"line":12,"column":9}},{"start":{"line":10,"column":15},"end":{"line":12,"column":9}}]},"1":{"loc":{"start":{"line":5,"column":12},"end":{"line":9,"column":13}},"type":"if","locations":[{"start":{"line":5,"column":12},"end":{"line":9,"column":13}},{"start":{"line":7,"column":19},"end":{"line":9,"column":13}}]}},"s":{"0":1,"1":1,"2":6,"3":6,"4":4,"5":2,"6":2,"7":2,"8":1,"9":1},"f":{"0":9,"1":6},"b":{"0":[4,2],"1":[2,2]}}
,"/Users/kodookie/workspace/kata/tdd-type-script/src/kata-tdd/rectangle-perimeter.ts": {"path":"/Users/kodookie/workspace/kata/tdd-type-script/src/kata-tdd/rectangle-perimeter.ts","statementMap":{"0":{"start":{"line":1,"column":0},"end":{"line":1,"column":13}},"1":{"start":{"line":2,"column":4},"end":{"line":4,"column":null}},"2":{"start":{"line":3,"column":8},"end":{"line":3,"column":36}},"3":{"start":{"line":5,"column":0},"end":{"line":5,"column":null}},"4":{"start":{"line":1,"column":13},"end":{"line":1,"column":31}}},"fnMap":{"0":{"name":"(anonymous_0)","decl":{"start":{"line":1,"column":0},"end":{"line":1,"column":13}},"loc":{"start":{"line":1,"column":0},"end":{"line":5,"column":null}}},"1":{"name":"(anonymous_2)","decl":{"start":{"line":2,"column":4},"end":{"line":2,"column":22}},"loc":{"start":{"line":2,"column":52},"end":{"line":4,"column":5}}}},"branchMap":{},"s":{"0":1,"1":1,"2":2,"3":1,"4":1},"f":{"0":4,"1":2},"b":{}}
}
