{"/Users/kodookie/workspace/kata/tdd-type-script-answer/src/kata-tdd/acceptable-password.ts": {"path":"/Users/kodookie/workspace/kata/tdd-type-script-answer/src/kata-tdd/acceptable-password.ts","statementMap":{"0":{"start":{"line":1,"column":0},"end":{"line":1,"column":13}},"1":{"start":{"line":2,"column":4},"end":{"line":24,"column":null}},"2":{"start":{"line":3,"column":24},"end":{"line":3,"column":54}},"3":{"start":{"line":4,"column":8},"end":{"line":23,"column":9}},"4":{"start":{"line":5,"column":12},"end":{"line":7,"column":13}},"5":{"start":{"line":6,"column":16},"end":{"line":6,"column":29}},"6":{"start":{"line":8,"column":12},"end":{"line":8,"column":24}},"7":{"start":{"line":10,"column":12},"end":{"line":22,"column":13}},"8":{"start":{"line":11,"column":42},"end":{"line":11,"column":52}},"9":{"start":{"line":12,"column":38},"end":{"line":12,"column":57}},"10":{"start":{"line":13,"column":41},"end":{"line":13,"column":74}},"11":{"start":{"line":14,"column":16},"end":{"line":19,"column":17}},"12":{"start":{"line":16,"column":20},"end":{"line":16,"column":null}},"13":{"start":{"line":18,"column":20},"end":{"line":18,"column":47}},"14":{"start":{"line":21,"column":16},"end":{"line":21,"column":29}},"15":{"start":{"line":26,"column":4},"end":{"line":28,"column":null}},"16":{"start":{"line":27,"column":8},"end":{"line":27,"column":null}},"17":{"start":{"line":30,"column":4},"end":{"line":42,"column":null}},"18":{"start":{"line":31,"column":28},"end":{"line":31,"column":37}},"19":{"start":{"line":33,"column":8},"end":{"line":39,"column":9}},"20":{"start":{"line":33,"column":35},"end":{"line":33,"column":42}},"21":{"start":{"line":33,"column":31},"end":{"line":33,"column":35}},"22":{"start":{"line":34,"column":27},"end":{"line":34,"column":47}},"23":{"start":{"line":35,"column":12},"end":{"line":37,"column":13}},"24":{"start":{"line":36,"column":16},"end":{"line":36,"column":28}},"25":{"start":{"line":38,"column":12},"end":{"line":38,"column":36}},"26":{"start":{"line":41,"column":8},"end":{"line":41,"column":21}},"27":{"start":{"line":44,"column":4},"end":{"line":48,"column":null}},"28":{"start":{"line":45,"column":34},"end":{"line":45,"column":48}},"29":{"start":{"line":46,"column":37},"end":{"line":46,"column":68}},"30":{"start":{"line":47,"column":8},"end":{"line":47,"column":26}},"31":{"start":{"line":50,"column":4},"end":{"line":58,"column":null}},"32":{"start":{"line":51,"column":24},"end":{"line":51,"column":29}},"33":{"start":{"line":52,"column":8},"end":{"line":56,"column":9}},"34":{"start":{"line":52,"column":33},"end":{"line":52,"column":37}},"35":{"start":{"line":52,"column":29},"end":{"line":52,"column":33}},"36":{"start":{"line":53,"column":12},"end":{"line":55,"column":13}},"37":{"start":{"line":54,"column":16},"end":{"line":54,"column":33}},"38":{"start":{"line":57,"column":8},"end":{"line":57,"column":25}},"39":{"start":{"line":59,"column":0},"end":{"line":59,"column":null}},"40":{"start":{"line":1,"column":13},"end":{"line":1,"column":31}}},"fnMap":{"0":{"name":"(anonymous_0)","decl":{"start":{"line":1,"column":0},"end":{"line":1,"column":13}},"loc":{"start":{"line":1,"column":0},"end":{"line":59,"column":null}}},"1":{"name":"(anonymous_2)","decl":{"start":{"line":2,"column":4},"end":{"line":2,"column":20}},"loc":{"start":{"line":2,"column":37},"end":{"line":24,"column":5}}},"2":{"name":"(anonymous_3)","decl":{"start":{"line":26,"column":4},"end":{"line":26,"column":27}},"loc":{"start":{"line":26,"column":83},"end":{"line":28,"column":5}}},"3":{"name":"(anonymous_4)","decl":{"start":{"line":30,"column":4},"end":{"line":30,"column":23}},"loc":{"start":{"line":30,"column":41},"end":{"line":42,"column":5}}},"4":{"name":"(anonymous_5)","decl":{"start":{"line":44,"column":4},"end":{"line":44,"column":14}},"loc":{"start":{"line":44,"column":26},"end":{"line":48,"column":5}}},"5":{"name":"(anonymous_6)","decl":{"start":{"line":50,"column":4},"end":{"line":50,"column":16}},"loc":{"start":{"line":50,"column":45},"end":{"line":58,"column":5}}}},"branchMap":{"0":{"loc":{"start":{"line":4,"column":8},"end":{"line":23,"column":9}},"type":"if","locations":[{"start":{"line":4,"column":8},"end":{"line":23,"column":9}},{"start":{"line":9,"column":15},"end":{"line":23,"column":9}}]},"1":{"loc":{"start":{"line":5,"column":12},"end":{"line":7,"column":13}},"type":"if","locations":[{"start":{"line":5,"column":12},"end":{"line":7,"column":13}}]},"2":{"loc":{"start":{"line":10,"column":12},"end":{"line":22,"column":13}},"type":"if","locations":[{"start":{"line":10,"column":12},"end":{"line":22,"column":13}},{"start":{"line":20,"column":19},"end":{"line":22,"column":13}}]},"3":{"loc":{"start":{"line":14,"column":16},"end":{"line":19,"column":17}},"type":"if","locations":[{"start":{"line":14,"column":16},"end":{"line":19,"column":17}},{"start":{"line":17,"column":23},"end":{"line":19,"column":17}}]},"4":{"loc":{"start":{"line":14,"column":20},"end":{"line":15,"column":91}},"type":"binary-expr","locations":[{"start":{"line":14,"column":20},"end":{"line":14,"column":62}},{"start":{"line":15,"column":20},"end":{"line":15,"column":91}}]},"5":{"loc":{"start":{"line":35,"column":12},"end":{"line":37,"column":13}},"type":"if","locations":[{"start":{"line":35,"column":12},"end":{"line":37,"column":13}}]},"6":{"loc":{"start":{"line":53,"column":12},"end":{"line":55,"column":13}},"type":"if","locations":[{"start":{"line":53,"column":12},"end":{"line":55,"column":13}}]}},"s":{"0":1,"1":1,"2":11,"3":11,"4":5,"5":2,"6":3,"7":6,"8":4,"9":4,"10":4,"11":4,"12":1,"13":3,"14":2,"15":1,"16":4,"17":1,"18":4,"19":4,"20":8,"21":11,"22":11,"23":11,"24":0,"25":11,"26":4,"27":1,"28":4,"29":4,"30":4,"31":1,"32":5,"33":5,"34":10,"35":10,"36":10,"37":2,"38":5,"39":1,"40":1},"f":{"0":14,"1":11,"2":4,"3":4,"4":4,"5":5},"b":{"0":[5,6],"1":[2],"2":[4,2],"3":[1,3],"4":[4,4],"5":[0],"6":[2]}}
,"/Users/kodookie/workspace/kata/tdd-type-script-answer/src/kata-tdd/rectangle-perimeter.ts": {"path":"/Users/kodookie/workspace/kata/tdd-type-script-answer/src/kata-tdd/rectangle-perimeter.ts","statementMap":{"0":{"start":{"line":1,"column":0},"end":{"line":1,"column":13}},"1":{"start":{"line":2,"column":4},"end":{"line":4,"column":null}},"2":{"start":{"line":3,"column":8},"end":{"line":3,"column":36}},"3":{"start":{"line":5,"column":0},"end":{"line":5,"column":null}},"4":{"start":{"line":1,"column":13},"end":{"line":1,"column":31}}},"fnMap":{"0":{"name":"(anonymous_0)","decl":{"start":{"line":1,"column":0},"end":{"line":1,"column":13}},"loc":{"start":{"line":1,"column":0},"end":{"line":5,"column":null}}},"1":{"name":"(anonymous_2)","decl":{"start":{"line":2,"column":4},"end":{"line":2,"column":22}},"loc":{"start":{"line":2,"column":52},"end":{"line":4,"column":5}}}},"branchMap":{},"s":{"0":1,"1":1,"2":2,"3":1,"4":1},"f":{"0":4,"1":2},"b":{}}
}
