TN:
SF:src/kata-tdd/acceptable-password.ts
FN:1,(anonymous_0)
FN:2,(anonymous_2)
FN:26,(anonymous_3)
FN:30,(anonymous_4)
FN:44,(anonymous_5)
FN:50,(anonymous_6)
FNF:6
FNH:6
FNDA:14,(anonymous_0)
FNDA:11,(anonymous_2)
FNDA:4,(anonymous_3)
FNDA:4,(anonymous_4)
FNDA:4,(anonymous_5)
FNDA:5,(anonymous_6)
DA:1,1
DA:2,1
DA:3,11
DA:4,11
DA:5,5
DA:6,2
DA:8,3
DA:10,6
DA:11,4
DA:12,4
DA:13,4
DA:14,4
DA:16,1
DA:18,3
DA:21,2
DA:26,1
DA:27,4
DA:30,1
DA:31,4
DA:33,11
DA:34,11
DA:35,11
DA:36,0
DA:38,11
DA:41,4
DA:44,1
DA:45,4
DA:46,4
DA:47,4
DA:50,1
DA:51,5
DA:52,10
DA:53,10
DA:54,2
DA:57,5
DA:59,1
LF:36
LH:35
BRDA:4,0,0,5
BRDA:4,0,1,6
BRDA:5,1,0,2
BRDA:10,2,0,4
BRDA:10,2,1,2
BRDA:14,3,0,1
BRDA:14,3,1,3
BRDA:14,4,0,4
BRDA:14,4,1,4
BRDA:35,5,0,0
BRDA:53,6,0,2
BRF:11
BRH:10
end_of_record
TN:
SF:src/kata-tdd/rectangle-perimeter.ts
FN:1,(anonymous_0)
FN:2,(anonymous_2)
FNF:2
FNH:2
FNDA:4,(anonymous_0)
FNDA:2,(anonymous_2)
DA:1,1
DA:2,1
DA:3,2
DA:5,1
LF:4
LH:4
BRF:0
BRH:0
end_of_record
